app/build/intermediates/manifest_merge_blame_file/debug/processDebugMainManifest/manifest-merger-blame-debug-report.txt
1<?xml version="1.0" encoding="utf-8"?>
2<manifest xmlns:android="http://schemas.android.com/apk/res/android"
3    package="com.example.project_magazine"
4    android:versionCode="1"
5    android:versionName="1.0" >
6
7    <uses-sdk
8        android:minSdkVersion="24"
9        android:targetSdkVersion="34" />
10
11    <uses-permission android:name="android.permission.WRITE_EXTERNAL_STORAGE" />
11-->src\main\AndroidManifest.xml:5:5-81
11-->src\main\AndroidManifest.xml:5:22-78
12    <uses-permission android:name="android.permission.READ_EXTERNAL_STORAGE" />
12-->src\main\AndroidManifest.xml:6:5-80
12-->src\main\AndroidManifest.xml:6:22-77
13
14    <permission
14-->[androidx.core:core:1.9.0] AndroidManifest.xml:22:5-24:47
15        android:name="com.example.project_magazine.DYNAMIC_RECEIVER_NOT_EXPORTED_PERMISSION"
15-->[androidx.core:core:1.9.0] AndroidManifest.xml:23:9-81
16        android:protectionLevel="signature" />
16-->[androidx.core:core:1.9.0] AndroidManifest.xml:24:9-44
17
18    <uses-permission android:name="com.example.project_magazine.DYNAMIC_RECEIVER_NOT_EXPORTED_PERMISSION" />
18-->[androidx.core:core:1.9.0] AndroidManifest.xml:26:5-97
18-->[androidx.core:core:1.9.0] AndroidManifest.xml:26:22-94
19
20    <application
20-->src\main\AndroidManifest.xml:8:5-61:19
21        android:allowBackup="true"
21-->src\main\AndroidManifest.xml:9:9-35
22        android:appComponentFactory="androidx.core.app.CoreComponentFactory"
22-->[androidx.core:core:1.9.0] AndroidManifest.xml:28:18-86
23        android:dataExtractionRules="@xml/data_extraction_rules"
23-->src\main\AndroidManifest.xml:10:9-65
24        android:debuggable="true"
25        android:extractNativeLibs="false"
26        android:fullBackupContent="@xml/backup_rules"
26-->src\main\AndroidManifest.xml:11:9-54
27        android:icon="@mipmap/ic_launcher"
27-->src\main\AndroidManifest.xml:12:9-43
28        android:label="@string/BlogNest"
28-->src\main\AndroidManifest.xml:13:9-41
29        android:roundIcon="@mipmap/ic_launcher_round"
29-->src\main\AndroidManifest.xml:14:9-54
30        android:supportsRtl="true"
30-->src\main\AndroidManifest.xml:15:9-35
31        android:testOnly="true"
32        android:theme="@style/Theme.Project_magazine" >
32-->src\main\AndroidManifest.xml:16:9-54
33        <activity
33-->src\main\AndroidManifest.xml:19:9-21:40
34            android:name="com.example.project_magazine.BusinessPage"
34-->src\main\AndroidManifest.xml:20:13-41
35            android:exported="false" />
35-->src\main\AndroidManifest.xml:21:13-37
36        <activity
36-->src\main\AndroidManifest.xml:22:9-24:40
37            android:name="com.example.project_magazine.ArticleCard"
37-->src\main\AndroidManifest.xml:23:13-40
38            android:exported="false" />
38-->src\main\AndroidManifest.xml:24:13-37
39        <activity
39-->src\main\AndroidManifest.xml:25:9-27:40
40            android:name="com.example.project_magazine.SignupPage"
40-->src\main\AndroidManifest.xml:26:13-39
41            android:exported="false" />
41-->src\main\AndroidManifest.xml:27:13-37
42        <activity
42-->src\main\AndroidManifest.xml:28:9-30:40
43            android:name="com.example.project_magazine.MainActivity"
43-->src\main\AndroidManifest.xml:29:13-41
44            android:exported="false" />
44-->src\main\AndroidManifest.xml:30:13-37
45        <activity
45-->src\main\AndroidManifest.xml:31:9-33:40
46            android:name="com.example.project_magazine.ProfilePage"
46-->src\main\AndroidManifest.xml:32:13-40
47            android:exported="false" />
47-->src\main\AndroidManifest.xml:33:13-37
48        <activity
48-->src\main\AndroidManifest.xml:34:9-36:40
49            android:name="com.example.project_magazine.GamesPage"
49-->src\main\AndroidManifest.xml:35:13-38
50            android:exported="false" />
50-->src\main\AndroidManifest.xml:36:13-37
51        <activity
51-->src\main\AndroidManifest.xml:37:9-39:40
52            android:name="com.example.project_magazine.SportsPage"
52-->src\main\AndroidManifest.xml:38:13-39
53            android:exported="false" />
53-->src\main\AndroidManifest.xml:39:13-37
54        <activity
54-->src\main\AndroidManifest.xml:40:9-42:40
55            android:name="com.example.project_magazine.FashionPage"
55-->src\main\AndroidManifest.xml:41:13-40
56            android:exported="false" />
56-->src\main\AndroidManifest.xml:42:13-37
57        <activity
57-->src\main\AndroidManifest.xml:43:9-45:40
58            android:name="com.example.project_magazine.EntertainmentPage"
58-->src\main\AndroidManifest.xml:44:13-46
59            android:exported="false" />
59-->src\main\AndroidManifest.xml:45:13-37
60        <activity
60-->src\main\AndroidManifest.xml:46:9-48:40
61            android:name="com.example.project_magazine.AddArticlePage"
61-->src\main\AndroidManifest.xml:47:13-43
62            android:exported="false" />
62-->src\main\AndroidManifest.xml:48:13-37
63        <activity
63-->src\main\AndroidManifest.xml:49:9-56:20
64            android:name="com.example.project_magazine.AuthPage"
64-->src\main\AndroidManifest.xml:50:13-37
65            android:exported="true" >
65-->src\main\AndroidManifest.xml:51:13-36
66            <intent-filter>
66-->src\main\AndroidManifest.xml:52:13-55:29
67                <action android:name="android.intent.action.MAIN" />
67-->src\main\AndroidManifest.xml:53:17-69
67-->src\main\AndroidManifest.xml:53:25-66
68
69                <category android:name="android.intent.category.LAUNCHER" />
69-->src\main\AndroidManifest.xml:54:17-77
69-->src\main\AndroidManifest.xml:54:27-74
70            </intent-filter>
71        </activity>
72        <activity
72-->src\main\AndroidManifest.xml:58:9-60:40
73            android:name="com.example.project_magazine.TutorialActivity"
73-->src\main\AndroidManifest.xml:59:13-45
74            android:exported="false" />
74-->src\main\AndroidManifest.xml:60:13-37
75
76        <provider
76-->[androidx.emoji2:emoji2:1.2.0] AndroidManifest.xml:24:9-32:20
77            android:name="androidx.startup.InitializationProvider"
77-->[androidx.emoji2:emoji2:1.2.0] AndroidManifest.xml:25:13-67
78            android:authorities="com.example.project_magazine.androidx-startup"
78-->[androidx.emoji2:emoji2:1.2.0] AndroidManifest.xml:26:13-68
79            android:exported="false" >
79-->[androidx.emoji2:emoji2:1.2.0] AndroidManifest.xml:27:13-37
80            <meta-data
80-->[androidx.emoji2:emoji2:1.2.0] AndroidManifest.xml:29:13-31:52
81                android:name="androidx.emoji2.text.EmojiCompatInitializer"
81-->[androidx.emoji2:emoji2:1.2.0] AndroidManifest.xml:30:17-75
82                android:value="androidx.startup" />
82-->[androidx.emoji2:emoji2:1.2.0] AndroidManifest.xml:31:17-49
83            <meta-data
83-->[androidx.lifecycle:lifecycle-process:2.6.1] AndroidManifest.xml:29:13-31:52
84                android:name="androidx.lifecycle.ProcessLifecycleInitializer"
84-->[androidx.lifecycle:lifecycle-process:2.6.1] AndroidManifest.xml:30:17-78
85                android:value="androidx.startup" />
85-->[androidx.lifecycle:lifecycle-process:2.6.1] AndroidManifest.xml:31:17-49
86            <meta-data
86-->[androidx.profileinstaller:profileinstaller:1.3.0] AndroidManifest.xml:29:13-31:52
87                android:name="androidx.profileinstaller.ProfileInstallerInitializer"
87-->[androidx.profileinstaller:profileinstaller:1.3.0] AndroidManifest.xml:30:17-85
88                android:value="androidx.startup" />
88-->[androidx.profileinstaller:profileinstaller:1.3.0] AndroidManifest.xml:31:17-49
89        </provider>
90
91        <uses-library
91-->[androidx.window:window:1.0.0] AndroidManifest.xml:25:9-27:40
92            android:name="androidx.window.extensions"
92-->[androidx.window:window:1.0.0] AndroidManifest.xml:26:13-54
93            android:required="false" />
93-->[androidx.window:window:1.0.0] AndroidManifest.xml:27:13-37
94        <uses-library
94-->[androidx.window:window:1.0.0] AndroidManifest.xml:28:9-30:40
95            android:name="androidx.window.sidecar"
95-->[androidx.window:window:1.0.0] AndroidManifest.xml:29:13-51
96            android:required="false" />
96-->[androidx.window:window:1.0.0] AndroidManifest.xml:30:13-37
97
98        <receiver
98-->[androidx.profileinstaller:profileinstaller:1.3.0] AndroidManifest.xml:34:9-52:20
99            android:name="androidx.profileinstaller.ProfileInstallReceiver"
99-->[androidx.profileinstaller:profileinstaller:1.3.0] AndroidManifest.xml:35:13-76
100            android:directBootAware="false"
100-->[androidx.profileinstaller:profileinstaller:1.3.0] AndroidManifest.xml:36:13-44
101            android:enabled="true"
101-->[androidx.profileinstaller:profileinstaller:1.3.0] AndroidManifest.xml:37:13-35
102            android:exported="true"
102-->[androidx.profileinstaller:profileinstaller:1.3.0] AndroidManifest.xml:38:13-36
103            android:permission="android.permission.DUMP" >
103-->[androidx.profileinstaller:profileinstaller:1.3.0] AndroidManifest.xml:39:13-57
104            <intent-filter>
104-->[androidx.profileinstaller:profileinstaller:1.3.0] AndroidManifest.xml:40:13-42:29
105                <action android:name="androidx.profileinstaller.action.INSTALL_PROFILE" />
105-->[androidx.profileinstaller:profileinstaller:1.3.0] AndroidManifest.xml:41:17-91
105-->[androidx.profileinstaller:profileinstaller:1.3.0] AndroidManifest.xml:41:25-88
106            </intent-filter>
107            <intent-filter>
107-->[androidx.profileinstaller:profileinstaller:1.3.0] AndroidManifest.xml:43:13-45:29
108                <action android:name="androidx.profileinstaller.action.SKIP_FILE" />
108-->[androidx.profileinstaller:profileinstaller:1.3.0] AndroidManifest.xml:44:17-85
108-->[androidx.profileinstaller:profileinstaller:1.3.0] AndroidManifest.xml:44:25-82
109            </intent-filter>
110            <intent-filter>
110-->[androidx.profileinstaller:profileinstaller:1.3.0] AndroidManifest.xml:46:13-48:29
111                <action android:name="androidx.profileinstaller.action.SAVE_PROFILE" />
111-->[androidx.profileinstaller:profileinstaller:1.3.0] AndroidManifest.xml:47:17-88
111-->[androidx.profileinstaller:profileinstaller:1.3.0] AndroidManifest.xml:47:25-85
112            </intent-filter>
113            <intent-filter>
113-->[androidx.profileinstaller:profileinstaller:1.3.0] AndroidManifest.xml:49:13-51:29
114                <action android:name="androidx.profileinstaller.action.BENCHMARK_OPERATION" />
114-->[androidx.profileinstaller:profileinstaller:1.3.0] AndroidManifest.xml:50:17-95
114-->[androidx.profileinstaller:profileinstaller:1.3.0] AndroidManifest.xml:50:25-92
115            </intent-filter>
116        </receiver>
117    </application>
118
119</manifest>